빌드 시작: 2013-06-09 오후 5:25:31
     1>2 노드의 "C:\Users\18\Desktop\lzw_result\lzw_result\lzw_result.vcxproj" 프로젝트(build 대상)입니다.
     1>InitializeBuildStatus:
         "Debug\lzw_result.unsuccessfulbuild"에 연결(touching)하고 있습니다.
       ClCompile:
         C:\Program Files (x86)\Microsoft Visual Studio 10.0\VC\bin\CL.exe /c /ZI /nologo /W3 /WX- /Od /Oy- /D WIN32 /D _DEBUG /D _CONSOLE /D _UNICODE /D UNICODE /Gm /EHsc /RTC1 /MDd /GS /fp:precise /Zc:wchar_t /Zc:forScope /Fo"Debug\\" /Fd"Debug\vc100.pdb" /Gd /TC /analyze- /errorReport:prompt result.c
         result.c
     1>c:\users\18\desktop\lzw_result\lzw_result\result.c(58): warning C4013: 'exit'이(가) 정의되지 않았습니다. extern은 int형을 반환하는 것으로 간주합니다.
     1>c:\users\18\desktop\lzw_result\lzw_result\result.c(64): warning C4013: 'strcpy'이(가) 정의되지 않았습니다. extern은 int형을 반환하는 것으로 간주합니다.
     1>c:\users\18\desktop\lzw_result\lzw_result\result.c(68): warning C4996: 'scanf': This function or variable may be unsafe. Consider using scanf_s instead. To disable deprecation, use _CRT_SECURE_NO_WARNINGS. See online help for details.
                 c:\program files (x86)\microsoft visual studio 10.0\vc\include\stdio.h(304) : 'scanf' 선언을 참조하십시오.
     1>c:\users\18\desktop\lzw_result\lzw_result\result.c(70): warning C4996: 'fopen': This function or variable may be unsafe. Consider using fopen_s instead. To disable deprecation, use _CRT_SECURE_NO_WARNINGS. See online help for details.
                 c:\program files (x86)\microsoft visual studio 10.0\vc\include\stdio.h(234) : 'fopen' 선언을 참조하십시오.
     1>c:\users\18\desktop\lzw_result\lzw_result\result.c(71): warning C4996: 'fopen': This function or variable may be unsafe. Consider using fopen_s instead. To disable deprecation, use _CRT_SECURE_NO_WARNINGS. See online help for details.
                 c:\program files (x86)\microsoft visual studio 10.0\vc\include\stdio.h(234) : 'fopen' 선언을 참조하십시오.
     1>c:\users\18\desktop\lzw_result\lzw_result\result.c(80): warning C4013: 'compress'이(가) 정의되지 않았습니다. extern은 int형을 반환하는 것으로 간주합니다.
     1>c:\users\18\desktop\lzw_result\lzw_result\result.c(83): warning C4013: 'free'이(가) 정의되지 않았습니다. extern은 int형을 반환하는 것으로 간주합니다.
     1>c:\users\18\desktop\lzw_result\lzw_result\result.c(87): warning C4996: 'fopen': This function or variable may be unsafe. Consider using fopen_s instead. To disable deprecation, use _CRT_SECURE_NO_WARNINGS. See online help for details.
                 c:\program files (x86)\microsoft visual studio 10.0\vc\include\stdio.h(234) : 'fopen' 선언을 참조하십시오.
     1>c:\users\18\desktop\lzw_result\lzw_result\result.c(88): warning C4996: 'fopen': This function or variable may be unsafe. Consider using fopen_s instead. To disable deprecation, use _CRT_SECURE_NO_WARNINGS. See online help for details.
                 c:\program files (x86)\microsoft visual studio 10.0\vc\include\stdio.h(234) : 'fopen' 선언을 참조하십시오.
     1>c:\users\18\desktop\lzw_result\lzw_result\result.c(97): warning C4013: 'expand'이(가) 정의되지 않았습니다. extern은 int형을 반환하는 것으로 간주합니다.
     1>c:\users\18\desktop\lzw_result\lzw_result\result.c(138): warning C4013: 'find_match'이(가) 정의되지 않았습니다. extern은 int형을 반환하는 것으로 간주합니다.
     1>c:\users\18\desktop\lzw_result\lzw_result\result.c(149): warning C4013: 'output_code'이(가) 정의되지 않았습니다. extern은 int형을 반환하는 것으로 간주합니다.
     1>c:\users\18\desktop\lzw_result\lzw_result\result.c(174): warning C4554: '<<' : 연산자 우선 순위에 오류가 있는지 확인하십시오. 괄호를 사용하여 우선 순위를 명확하게 지정하십시오.
     1>c:\users\18\desktop\lzw_result\lzw_result\result.c(212): warning C4013: 'input_code'이(가) 정의되지 않았습니다. extern은 int형을 반환하는 것으로 간주합니다.
     1>c:\users\18\desktop\lzw_result\lzw_result\result.c(160): warning C4716: 'compress' : 값을 반환해야 합니다.
     1>c:\users\18\desktop\lzw_result\lzw_result\result.c(259): warning C4716: 'expand' : 값을 반환해야 합니다.
     1>c:\users\18\desktop\lzw_result\lzw_result\result.c(323): warning C4716: 'output_code' : 값을 반환해야 합니다.
       ManifestResourceCompile:
         C:\Program Files (x86)\Microsoft SDKs\Windows\v7.0A\bin\rc.exe /nologo /fo"Debug\lzw_result.exe.embed.manifest.res" Debug\lzw_result_manifest.rc 
       Link:
         C:\Program Files (x86)\Microsoft Visual Studio 10.0\VC\bin\link.exe /ERRORREPORT:PROMPT /OUT:"C:\Users\18\Desktop\lzw_result\Debug\lzw_result.exe" /INCREMENTAL /NOLOGO kernel32.lib user32.lib gdi32.lib winspool.lib comdlg32.lib advapi32.lib shell32.lib ole32.lib oleaut32.lib uuid.lib odbc32.lib odbccp32.lib /MANIFEST /ManifestFile:"Debug\lzw_result.exe.intermediate.manifest" /MANIFESTUAC:"level='asInvoker' uiAccess='false'" /DEBUG /PDB:"C:\Users\18\Desktop\lzw_result\Debug\lzw_result.pdb" /SUBSYSTEM:CONSOLE /TLBID:1 /DYNAMICBASE /NXCOMPAT /IMPLIB:"C:\Users\18\Desktop\lzw_result\Debug\lzw_result.lib" /MACHINE:X86 Debug\lzw_result.exe.embed.manifest.res
         Debug\result.obj
       Manifest:
         C:\Program Files (x86)\Microsoft SDKs\Windows\v7.0A\bin\mt.exe /nologo /verbose /out:"Debug\lzw_result.exe.embed.manifest" /manifest Debug\lzw_result.exe.intermediate.manifest
         C:\Program Files (x86)\Microsoft SDKs\Windows\v7.0A\bin\rc.exe /nologo /fo"Debug\lzw_result.exe.embed.manifest.res" Debug\lzw_result_manifest.rc 
       LinkEmbedManifest:
         C:\Program Files (x86)\Microsoft Visual Studio 10.0\VC\bin\link.exe /ERRORREPORT:PROMPT /OUT:"C:\Users\18\Desktop\lzw_result\Debug\lzw_result.exe" /INCREMENTAL /NOLOGO kernel32.lib user32.lib gdi32.lib winspool.lib comdlg32.lib advapi32.lib shell32.lib ole32.lib oleaut32.lib uuid.lib odbc32.lib odbccp32.lib /MANIFEST /ManifestFile:"Debug\lzw_result.exe.intermediate.manifest" /MANIFESTUAC:"level='asInvoker' uiAccess='false'" /DEBUG /PDB:"C:\Users\18\Desktop\lzw_result\Debug\lzw_result.pdb" /SUBSYSTEM:CONSOLE /TLBID:1 /DYNAMICBASE /NXCOMPAT /IMPLIB:"C:\Users\18\Desktop\lzw_result\Debug\lzw_result.lib" /MACHINE:X86 Debug\lzw_result.exe.embed.manifest.res
         Debug\result.obj
         lzw_result.vcxproj -> C:\Users\18\Desktop\lzw_result\Debug\lzw_result.exe
       FinalizeBuildStatus:
         "Debug\lzw_result.unsuccessfulbuild" 파일을 삭제하고 있습니다.
         "Debug\lzw_result.lastbuildstate"에 연결(touching)하고 있습니다.
     1>"C:\Users\18\Desktop\lzw_result\lzw_result\lzw_result.vcxproj" 프로젝트를 빌드했습니다(build 대상).

빌드했습니다.

경과 시간: 00:00:00.73
